<?xml version="1.0" encoding="UTF-8"?>
<!-- Generated by org.testng.reporters.JUnitReportReporter -->
<testsuite hostname="DESKTOP-HQHQSJC" failures="0" tests="1" name="jarvis.TestCases" time="23.835" errors="0" timestamp="2024-01-30T15:10:37 IST" skipped="0">
  <testcase classname="jarvis.TestCases" name="usingPageObjectModel" time="23.835"/>
  <system-out/>
</testsuite> <!-- jarvis.TestCases -->
